--- Job new1.gms Start 02/04/23 01:01:27 42.1.0 cb854401 WEX-WEI x86 64bit/MS Windows
--- Applying:
    D:\Programs\GAMS\42\gmsprmNT.txt
--- GAMS Parameters defined
    Input "D:\University\Semester 7\Operation Research 2\Project\Answer\Phase2-answer\new1.gms"
    PageSize 0
    ScrDir "D:\University\Semester 7\Operation Research 2\Project\Answer\Phase2-answer\225a\"
    SysDir D:\Programs\GAMS\42\
    LogOption 3
    ErrMsg 1
    ErrorLog 99
    IDE 1
    LstTitleLeftAligned 1
Licensee: GAMS Demo license for Mohsen Hosseini          G230203|0002CO-GEN
          Sharif, Indonesia                                        DL084616
          D:\Programs\GAMS\42\gamslice.txt
          mhosseini1400@gmail.com, Mohsen Hosseini                         
          Demo license for demonstration and instructional purposes only
Processor information: 1 socket(s), 4 core(s), and 8 thread(s) available
GAMS 42.1.0   Copyright (C) 1987-2023 GAMS Development. All rights reserved
--- Starting compilation
--- new1.gms(10) 3 Mb
--- Starting execution - empty program
*** Status: Normal completion
--- Job new1.gms Stop 02/04/23 01:01:27 elapsed 0:00:00.119
